\BOOKMARK [0][-]{chapter*.1}{\376\377\000R\000e\000m\000e\000r\000c\000i\000e\000m\000e\000n\000t\000s}{}% 1
\BOOKMARK [0][-]{chapter*.3}{\376\377\000I\000n\000t\000r\000o\000d\000u\000c\000t\000i\000o\000n}{}% 2
\BOOKMARK [0][-]{chapter*.4}{\376\377\000C\000h\000a\000p\000i\000t\000r\000e\000\040\0001\000\040\000:\000\040\000P\000r\000\351\000s\000e\000n\000t\000a\000t\000i\000o\000n\000\040\000d\000e\000\040\000l\000'\000E\000n\000t\000r\000e\000p\000r\000i\000s\000e\000\040\000e\000t\000\040\000C\000a\000d\000r\000e\000\040\000d\000u\000\040\000S\000t\000a\000g\000e}{}% 3
\BOOKMARK [1][-]{section.0.1}{\376\377\000P\000r\000\351\000s\000e\000n\000t\000a\000t\000i\000o\000n\000\040\000d\000e\000\040\000I\000A\000A\000I}{chapter*.4}% 4
\BOOKMARK [2][-]{subsection.0.1.1}{\376\377\000H\000i\000s\000t\000o\000r\000i\000q\000u\000e\000\040\000e\000t\000\040\000D\000o\000m\000a\000i\000n\000e\000\040\000d\000'\000A\000c\000t\000i\000v\000i\000t\000\351}{section.0.1}% 5
\BOOKMARK [2][-]{subsection.0.1.2}{\376\377\000V\000i\000s\000i\000o\000n\000\040\000e\000t\000\040\000M\000i\000s\000s\000i\000o\000n}{section.0.1}% 6
\BOOKMARK [2][-]{subsection.0.1.3}{\376\377\000O\000r\000g\000a\000n\000i\000s\000a\000t\000i\000o\000n\000\040\000S\000t\000r\000u\000c\000t\000u\000r\000e\000l\000l\000e}{section.0.1}% 7
\BOOKMARK [1][-]{section.0.2}{\376\377\000C\000a\000d\000r\000e\000\040\000G\000\351\000n\000\351\000r\000a\000l\000\040\000d\000u\000\040\000S\000t\000a\000g\000e}{chapter*.4}% 8
\BOOKMARK [2][-]{subsection.0.2.1}{\376\377\000O\000b\000j\000e\000c\000t\000i\000f\000s\000\040\000d\000u\000\040\000S\000t\000a\000g\000e}{section.0.2}% 9
\BOOKMARK [2][-]{subsection.0.2.2}{\376\377\000E\000n\000v\000i\000r\000o\000n\000n\000e\000m\000e\000n\000t\000\040\000d\000e\000\040\000T\000r\000a\000v\000a\000i\000l}{section.0.2}% 10
\BOOKMARK [2][-]{subsection.0.2.3}{\376\377\000P\000l\000a\000n\000n\000i\000n\000g\000\040\000e\000t\000\040\000M\000\351\000t\000h\000o\000d\000o\000l\000o\000g\000i\000e}{section.0.2}% 11
\BOOKMARK [0][-]{chapter*.5}{\376\377\000C\000h\000a\000p\000i\000t\000r\000e\000\040\0002\000\040\000:\000\040\000C\000a\000h\000i\000e\000r\000\040\000d\000e\000s\000\040\000C\000h\000a\000r\000g\000e\000s\000\040\000e\000t\000\040\000S\000p\000\351\000c\000i\000f\000i\000c\000a\000t\000i\000o\000n\000s}{}% 12
\BOOKMARK [1][-]{section.0.1}{\376\377\000P\000r\000\351\000s\000e\000n\000t\000a\000t\000i\000o\000n\000\040\000d\000u\000\040\000P\000r\000o\000j\000e\000t\000\040\000L\000e\000a\000r\000n\000E\000x\000p\000e\000r\000t}{chapter*.5}% 13
\BOOKMARK [2][-]{subsection.0.1.1}{\376\377\000C\000o\000n\000t\000e\000x\000t\000e\000\040\000e\000t\000\040\000P\000r\000o\000b\000l\000\351\000m\000a\000t\000i\000q\000u\000e}{section.0.1}% 14
\BOOKMARK [2][-]{subsection.0.1.2}{\376\377\000O\000b\000j\000e\000c\000t\000i\000f\000s\000\040\000d\000u\000\040\000P\000r\000o\000j\000e\000t}{section.0.1}% 15
\BOOKMARK [1][-]{section.0.2}{\376\377\000A\000n\000a\000l\000y\000s\000e\000\040\000d\000e\000s\000\040\000B\000e\000s\000o\000i\000n\000s}{chapter*.5}% 16
\BOOKMARK [2][-]{subsection.0.2.1}{\376\377\000B\000e\000s\000o\000i\000n\000s\000\040\000F\000o\000n\000c\000t\000i\000o\000n\000n\000e\000l\000s}{section.0.2}% 17
\BOOKMARK [2][-]{subsection.0.2.2}{\376\377\000B\000e\000s\000o\000i\000n\000s\000\040\000N\000o\000n\000\040\000F\000o\000n\000c\000t\000i\000o\000n\000n\000e\000l\000s}{section.0.2}% 18
\BOOKMARK [1][-]{section.0.3}{\376\377\000T\000e\000c\000h\000n\000o\000l\000o\000g\000i\000e\000s\000\040\000e\000t\000\040\000O\000u\000t\000i\000l\000s}{chapter*.5}% 19
\BOOKMARK [2][-]{subsection.0.3.1}{\376\377\000S\000t\000a\000c\000k\000\040\000T\000e\000c\000h\000n\000o\000l\000o\000g\000i\000q\000u\000e}{section.0.3}% 20
\BOOKMARK [2][-]{subsection.0.3.2}{\376\377\000E\000n\000v\000i\000r\000o\000n\000n\000e\000m\000e\000n\000t\000\040\000d\000e\000\040\000D\000\351\000v\000e\000l\000o\000p\000p\000e\000m\000e\000n\000t}{section.0.3}% 21
\BOOKMARK [0][-]{chapter*.6}{\376\377\000C\000h\000a\000p\000i\000t\000r\000e\000\040\0003\000\040\000:\000\040\000C\000o\000n\000c\000e\000p\000t\000i\000o\000n\000\040\000e\000t\000\040\000M\000o\000d\000\351\000l\000i\000s\000a\000t\000i\000o\000n}{}% 22
\BOOKMARK [1][-]{section.0.1}{\376\377\000I\000n\000t\000r\000o\000d\000u\000c\000t\000i\000o\000n}{chapter*.6}% 23
\BOOKMARK [1][-]{section.0.2}{\376\377\000M\000\351\000t\000h\000o\000d\000o\000l\000o\000g\000i\000e\000\040\000A\000d\000o\000p\000t\000\351\000e}{chapter*.6}% 24
\BOOKMARK [2][-]{subsection.0.2.1}{\376\377\000M\000o\000d\000\350\000l\000e\000\040\000e\000n\000\040\000c\000a\000s\000c\000a\000d\000e}{section.0.2}% 25
\BOOKMARK [2][-]{subsection.0.2.2}{\376\377\000L\000a\000n\000g\000a\000g\000e\000\040\000U\000M\000L}{section.0.2}% 26
\BOOKMARK [1][-]{section.0.3}{\376\377\000C\000o\000n\000c\000e\000p\000t\000i\000o\000n}{chapter*.6}% 27
\BOOKMARK [2][-]{subsection.0.3.1}{\376\377\000I\000d\000e\000n\000t\000i\000f\000i\000c\000a\000t\000i\000o\000n\000\040\000d\000e\000s\000\040\000a\000c\000t\000e\000u\000r\000s}{section.0.3}% 28
\BOOKMARK [2][-]{subsection.0.3.2}{\376\377\000I\000d\000e\000n\000t\000i\000f\000i\000c\000a\000t\000i\000o\000n\000\040\000d\000e\000s\000\040\000m\000e\000s\000s\000a\000g\000e\000s}{section.0.3}% 29
\BOOKMARK [2][-]{subsection.0.3.3}{\376\377\000L\000e\000s\000\040\000d\000i\000a\000g\000r\000a\000m\000m\000e\000s\000\040\000d\000e\000\040\000c\000a\000s\000\040\000d\000'\000u\000t\000i\000l\000i\000s\000a\000t\000i\000o\000n}{section.0.3}% 30
\BOOKMARK [2][-]{subsection.0.3.4}{\376\377\000L\000e\000s\000\040\000d\000i\000a\000g\000r\000a\000m\000m\000e\000s\000\040\000d\000e\000\040\000s\000\351\000q\000u\000e\000n\000c\000e}{section.0.3}% 31
\BOOKMARK [2][-]{subsection.0.3.5}{\376\377\000L\000e\000\040\000d\000i\000a\000g\000r\000a\000m\000m\000e\000\040\000d\000e\000\040\000c\000l\000a\000s\000s\000e\000s}{section.0.3}% 32
\BOOKMARK [1][-]{section.0.4}{\376\377\000A\000r\000c\000h\000i\000t\000e\000c\000t\000u\000r\000e\000\040\000A\000d\000o\000p\000t\000\351\000e}{chapter*.6}% 33
\BOOKMARK [2][-]{subsection.0.4.1}{\376\377\000P\000i\000l\000e\000\040\000T\000e\000c\000h\000n\000o\000l\000o\000g\000i\000q\000u\000e}{section.0.4}% 34
\BOOKMARK [2][-]{subsection.0.4.2}{\376\377\000M\000o\000d\000\350\000l\000e\000s\000\040\000d\000e\000\040\000D\000o\000n\000n\000\351\000e\000s\000\040\000d\000e\000s\000\040\000S\000e\000r\000v\000i\000c\000e\000s}{section.0.4}% 35
\BOOKMARK [0][-]{chapter*.7}{\376\377\000C\000h\000a\000p\000i\000t\000r\000e\000\040\0004\000\040\000:\000\040\000R\000\351\000a\000l\000i\000s\000a\000t\000i\000o\000n\000\040\000e\000t\000\040\000m\000i\000s\000e\000\040\000e\000n\000\040\000p\000i\000e\000d\000\040\000d\000u\000\040\000s\000y\000s\000t\000\350\000m\000e}{}% 36
\BOOKMARK [1][-]{section.0.1}{\376\377\000O\000u\000t\000i\000l\000s\000\040\000e\000t\000\040\000t\000e\000c\000h\000n\000o\000l\000o\000g\000i\000e\000s\000\040\000d\000e\000\040\000d\000\351\000v\000e\000l\000o\000p\000p\000e\000m\000e\000n\000t}{chapter*.7}% 37
\BOOKMARK [2][-]{subsection.0.1.1}{\376\377\000E\000n\000v\000i\000r\000o\000n\000n\000e\000m\000e\000n\000t\000\040\000d\000e\000\040\000d\000\351\000v\000e\000l\000o\000p\000p\000e\000m\000e\000n\000t}{section.0.1}% 38
\BOOKMARK [2][-]{subsection.0.1.2}{\376\377\000T\000e\000c\000h\000n\000o\000l\000o\000g\000i\000e\000s\000\040\000f\000r\000o\000n\000t\000e\000n\000d}{section.0.1}% 39
\BOOKMARK [2][-]{subsection.0.1.3}{\376\377\000T\000e\000c\000h\000n\000o\000l\000o\000g\000i\000e\000s\000\040\000b\000a\000c\000k\000e\000n\000d}{section.0.1}% 40
\BOOKMARK [0][-]{chapter*.8}{\376\377\000C\000h\000a\000p\000i\000t\000r\000e\000\040\0005\000\040\000:\000\040\000D\000\351\000p\000l\000o\000i\000e\000m\000e\000n\000t\000\040\000e\000t\000\040\000T\000e\000s\000t\000s}{}% 41
\BOOKMARK [1][-]{section.0.1}{\376\377\000I\000n\000t\000\351\000g\000r\000a\000t\000i\000o\000n\000\040\000e\000t\000\040\000D\000\351\000p\000l\000o\000i\000e\000m\000e\000n\000t\000\040\000d\000u\000\040\000B\000a\000c\000k\000e\000n\000d}{chapter*.8}% 42
\BOOKMARK [2][-]{subsection.0.1.1}{\376\377\000C\000o\000n\000f\000i\000g\000u\000r\000a\000t\000i\000o\000n\000\040\000d\000u\000\040\000S\000e\000r\000v\000e\000u\000r}{section.0.1}% 43
\BOOKMARK [2][-]{subsection.0.1.2}{\376\377\000D\000\351\000p\000l\000o\000i\000e\000m\000e\000n\000t\000\040\000d\000e\000\040\000l\000a\000\040\000B\000a\000s\000e\000\040\000d\000e\000\040\000D\000o\000n\000n\000\351\000e\000s}{section.0.1}% 44
\BOOKMARK [2][-]{subsection.0.1.3}{\376\377\000\311\000v\000o\000l\000u\000t\000i\000o\000n\000\040\000d\000e\000\040\000l\000'\000A\000r\000c\000h\000i\000t\000e\000c\000t\000u\000r\000e}{section.0.1}% 45
\BOOKMARK [1][-]{section.0.2}{\376\377\000I\000n\000t\000\351\000g\000r\000a\000t\000i\000o\000n\000\040\000e\000t\000\040\000T\000e\000s\000t\000s}{chapter*.8}% 46
\BOOKMARK [2][-]{subsection.0.2.1}{\376\377\000T\000e\000s\000t\000s\000\040\000U\000n\000i\000t\000a\000i\000r\000e\000s}{section.0.2}% 47
\BOOKMARK [2][-]{subsection.0.2.2}{\376\377\000T\000e\000s\000t\000s\000\040\000d\000'\000I\000n\000t\000\351\000g\000r\000a\000t\000i\000o\000n}{section.0.2}% 48
\BOOKMARK [2][-]{subsection.0.2.3}{\376\377\000T\000e\000s\000t\000s\000\040\000d\000e\000\040\000P\000e\000r\000f\000o\000r\000m\000a\000n\000c\000e}{section.0.2}% 49
\BOOKMARK [1][-]{section.0.3}{\376\377\000O\000p\000t\000i\000m\000i\000s\000a\000t\000i\000o\000n\000\040\000e\000t\000\040\000M\000o\000n\000i\000t\000o\000r\000i\000n\000g}{chapter*.8}% 50
\BOOKMARK [2][-]{subsection.0.3.1}{\376\377\000O\000p\000t\000i\000m\000i\000s\000a\000t\000i\000o\000n\000\040\000d\000e\000s\000\040\000P\000e\000r\000f\000o\000r\000m\000a\000n\000c\000e\000s}{section.0.3}% 51
\BOOKMARK [2][-]{subsection.0.3.2}{\376\377\000M\000i\000s\000e\000\040\000e\000n\000\040\000P\000l\000a\000c\000e\000\040\000d\000u\000\040\000M\000o\000n\000i\000t\000o\000r\000i\000n\000g}{section.0.3}% 52
\BOOKMARK [2][-]{subsection.0.3.3}{\376\377\000D\000o\000c\000u\000m\000e\000n\000t\000a\000t\000i\000o\000n}{section.0.3}% 53
\BOOKMARK [1][-]{section.0.4}{\376\377\000C\000o\000n\000c\000e\000p\000t\000i\000o\000n\000\040\000e\000t\000\040\000D\000\351\000v\000e\000l\000o\000p\000p\000e\000m\000e\000n\000t\000\040\000d\000e\000\040\000l\000'\000I\000n\000t\000e\000r\000f\000a\000c\000e\000\040\000U\000t\000i\000l\000i\000s\000a\000t\000e\000u\000r}{chapter*.8}% 54
\BOOKMARK [2][-]{subsection.0.4.1}{\376\377\000I\000n\000t\000e\000r\000f\000a\000c\000e\000\040\000d\000'\000A\000c\000c\000u\000e\000i\000l\000\040\000d\000e\000s\000\040\000U\000t\000i\000l\000i\000s\000a\000t\000e\000u\000r\000s\000\040\000C\000o\000n\000n\000e\000c\000t\000\351\000s}{section.0.4}% 55
\BOOKMARK [2][-]{subsection.0.4.2}{\376\377\000B\000a\000r\000r\000e\000\040\000L\000a\000t\000\351\000r\000a\000l\000e\000\040\000d\000e\000\040\000N\000a\000v\000i\000g\000a\000t\000i\000o\000n}{section.0.4}% 56
\BOOKMARK [2][-]{subsection.0.4.3}{\376\377\000I\000n\000t\000e\000r\000f\000a\000c\000e\000\040\000d\000e\000\040\000C\000o\000n\000s\000u\000l\000t\000a\000t\000i\000o\000n\000\040\000d\000e\000s\000\040\000C\000o\000u\000r\000s}{section.0.4}% 57
\BOOKMARK [1][-]{section.0.5}{\376\377\000T\000r\000a\000i\000t\000e\000m\000e\000n\000t\000\040\000A\000v\000a\000n\000c\000\351\000\040\000d\000e\000s\000\040\000D\000o\000n\000n\000\351\000e\000s\000\040\000d\000e\000\040\000C\000o\000n\000t\000e\000n\000u}{chapter*.8}% 58
\BOOKMARK [2][-]{subsection.0.5.1}{\376\377\000D\000\351\000f\000i\000s\000\040\000d\000u\000\040\000T\000r\000a\000i\000t\000e\000m\000e\000n\000t\000\040\000d\000e\000s\000\040\000D\000o\000n\000n\000\351\000e\000s}{section.0.5}% 59
\BOOKMARK [2][-]{subsection.0.5.2}{\376\377\000P\000r\000o\000b\000l\000\351\000m\000a\000t\000i\000q\000u\000e\000\040\000d\000u\000\040\000S\000c\000r\000a\000p\000i\000n\000g\000\040\000e\000t\000\040\000N\000e\000t\000t\000o\000y\000a\000g\000e\000\040\000d\000e\000s\000\040\000D\000o\000n\000n\000\351\000e\000s}{section.0.5}% 60
\BOOKMARK [2][-]{subsection.0.5.3}{\376\377\000I\000m\000p\000l\000\351\000m\000e\000n\000t\000a\000t\000i\000o\000n\000\040\000d\000'\000u\000n\000\040\000P\000i\000p\000e\000l\000i\000n\000e\000\040\000d\000e\000\040\000T\000r\000a\000i\000t\000e\000m\000e\000n\000t\000\040\000L\000L\000M}{section.0.5}% 61
\BOOKMARK [2][-]{subsection.0.5.4}{\376\377\000S\000t\000r\000a\000t\000\351\000g\000i\000e\000\040\000d\000'\000O\000p\000t\000i\000m\000i\000s\000a\000t\000i\000o\000n\000\040\000M\000u\000l\000t\000i\000-\000L\000L\000M}{section.0.5}% 62
\BOOKMARK [1][-]{section.0.6}{\376\377\000I\000n\000t\000\351\000g\000r\000a\000t\000i\000o\000n\000\040\000F\000r\000o\000n\000t\000e\000n\000d\000-\000B\000a\000c\000k\000e\000n\000d}{chapter*.8}% 63
\BOOKMARK [2][-]{subsection.0.6.1}{\376\377\000D\000\351\000v\000e\000l\000o\000p\000p\000e\000m\000e\000n\000t\000\040\000d\000e\000s\000\040\000R\000o\000u\000t\000e\000s\000\040\000d\000'\000A\000P\000I}{section.0.6}% 64
\BOOKMARK [2][-]{subsection.0.6.2}{\376\377\000O\000p\000t\000i\000m\000i\000s\000a\000t\000i\000o\000n\000\040\000d\000e\000s\000\040\000R\000e\000q\000u\000\352\000t\000e\000s}{section.0.6}% 65
\BOOKMARK [2][-]{subsection.0.6.3}{\376\377\000A\000d\000a\000p\000t\000a\000t\000i\000o\000n\000\040\000\340\000\040\000l\000'\000A\000r\000c\000h\000i\000t\000e\000c\000t\000u\000r\000e\000\040\000J\000S\000O\000N}{section.0.6}% 66
\BOOKMARK [1][-]{section.0.7}{\376\377\000T\000e\000s\000t\000s\000\040\000e\000t\000\040\000V\000a\000l\000i\000d\000a\000t\000i\000o\000n}{chapter*.8}% 67
\BOOKMARK [2][-]{subsection.0.7.1}{\376\377\000T\000e\000s\000t\000s\000\040\000d\000'\000I\000n\000t\000e\000r\000f\000a\000c\000e\000\040\000U\000t\000i\000l\000i\000s\000a\000t\000e\000u\000r}{section.0.7}% 68
\BOOKMARK [2][-]{subsection.0.7.2}{\376\377\000T\000e\000s\000t\000s\000\040\000F\000o\000n\000c\000t\000i\000o\000n\000n\000e\000l\000s\000\040\000e\000t\000\040\000d\000'\000I\000n\000t\000\351\000g\000r\000a\000t\000i\000o\000n}{section.0.7}% 69
\BOOKMARK [2][-]{subsection.0.7.3}{\376\377\000P\000l\000a\000n\000i\000f\000i\000c\000a\000t\000i\000o\000n\000\040\000S\000t\000r\000a\000t\000\351\000g\000i\000q\000u\000e\000\040\000p\000o\000u\000r\000\040\000l\000'\000A\000v\000e\000n\000i\000r}{section.0.7}% 70
\BOOKMARK [1][-]{section.0.8}{\376\377\000C\000o\000n\000c\000l\000u\000s\000i\000o\000n}{chapter*.8}% 71
\BOOKMARK [0][-]{chapter*.9}{\376\377\000C\000h\000a\000p\000i\000t\000r\000e\000\040\0006\000\040\000:\000\040\000B\000i\000l\000a\000n\000\040\000e\000t\000\040\000P\000e\000r\000s\000p\000e\000c\000t\000i\000v\000e\000s}{}% 72
\BOOKMARK [1][-]{section.0.1}{\376\377\000R\000\351\000a\000l\000i\000s\000a\000t\000i\000o\000n\000s\000\040\000e\000t\000\040\000\311\000t\000a\000t\000\040\000A\000c\000t\000u\000e\000l\000\040\000d\000u\000\040\000P\000r\000o\000j\000e\000t}{chapter*.9}% 73
\BOOKMARK [2][-]{subsection.0.1.1}{\376\377\000F\000o\000n\000c\000t\000i\000o\000n\000n\000a\000l\000i\000t\000\351\000s\000\040\000I\000m\000p\000l\000\351\000m\000e\000n\000t\000\351\000e\000s}{section.0.1}% 74
\BOOKMARK [2][-]{subsection.0.1.2}{\376\377\000D\000\351\000f\000i\000s\000\040\000T\000e\000c\000h\000n\000i\000q\000u\000e\000s\000\040\000S\000u\000r\000m\000o\000n\000t\000\351\000s}{section.0.1}% 75
\BOOKMARK [1][-]{section.0.2}{\376\377\000D\000\351\000v\000e\000l\000o\000p\000p\000e\000m\000e\000n\000t\000s\000\040\000F\000u\000t\000u\000r\000s}{chapter*.9}% 76
\BOOKMARK [2][-]{subsection.0.2.1}{\376\377\000F\000o\000n\000c\000t\000i\000o\000n\000n\000a\000l\000i\000t\000\351\000s\000\040\000P\000l\000a\000n\000i\000f\000i\000\351\000e\000s}{section.0.2}% 77
\BOOKMARK [2][-]{subsection.0.2.2}{\376\377\000A\000m\000\351\000l\000i\000o\000r\000a\000t\000i\000o\000n\000s\000\040\000T\000e\000c\000h\000n\000i\000q\000u\000e\000s\000\040\000E\000n\000v\000i\000s\000a\000g\000\351\000e\000s}{section.0.2}% 78
\BOOKMARK [2][-]{subsection.0.2.3}{\376\377\000R\000o\000a\000d\000m\000a\000p\000\040\000d\000'\000\311\000v\000o\000l\000u\000t\000i\000o\000n}{section.0.2}% 79
\BOOKMARK [1][-]{section.0.3}{\376\377\000B\000i\000l\000a\000n\000\040\000P\000e\000r\000s\000o\000n\000n\000e\000l\000\040\000d\000u\000\040\000S\000t\000a\000g\000e}{chapter*.9}% 80
\BOOKMARK [2][-]{subsection.0.3.1}{\376\377\000C\000o\000m\000p\000\351\000t\000e\000n\000c\000e\000s\000\040\000T\000e\000c\000h\000n\000i\000q\000u\000e\000s\000\040\000A\000c\000q\000u\000i\000s\000e\000s}{section.0.3}% 81
\BOOKMARK [2][-]{subsection.0.3.2}{\376\377\000C\000o\000m\000p\000\351\000t\000e\000n\000c\000e\000s\000\040\000T\000r\000a\000n\000s\000v\000e\000r\000s\000a\000l\000e\000s\000\040\000D\000\351\000v\000e\000l\000o\000p\000p\000\351\000e\000s}{section.0.3}% 82
\BOOKMARK [2][-]{subsection.0.3.3}{\376\377\000A\000p\000p\000r\000e\000n\000t\000i\000s\000s\000a\000g\000e\000s\000\040\000P\000r\000o\000f\000e\000s\000s\000i\000o\000n\000n\000e\000l\000s}{section.0.3}% 83
\BOOKMARK [0][-]{chapter*.10}{\376\377\000C\000h\000a\000p\000i\000t\000r\000e\000\040\0007\000\040\000:\000\040\000C\000o\000n\000c\000l\000u\000s\000i\000o\000n\000\040\000e\000t\000\040\000P\000e\000r\000s\000p\000e\000c\000t\000i\000v\000e\000s}{}% 84
\BOOKMARK [1][-]{section.0.1}{\376\377\000S\000y\000n\000t\000h\000\350\000s\000e\000\040\000d\000e\000s\000\040\000R\000\351\000a\000l\000i\000s\000a\000t\000i\000o\000n\000s}{chapter*.10}% 85
\BOOKMARK [1][-]{section.0.2}{\376\377\000C\000o\000m\000p\000\351\000t\000e\000n\000c\000e\000s\000\040\000A\000c\000q\000u\000i\000s\000e\000s}{chapter*.10}% 86
\BOOKMARK [1][-]{section.0.3}{\376\377\000P\000e\000r\000s\000p\000e\000c\000t\000i\000v\000e\000s}{chapter*.10}% 87
\BOOKMARK [0][-]{appendix.A}{\376\377\000A\000n\000n\000e\000x\000e\000s}{}% 88
